<?xml version="1.0" encoding="UTF-8"?>
<robot generator="Robot 6.0.2 (Python 3.10.5 on win32)" generated="20230311 20:27:05.749" rpa="false" schemaversion="3">
<suite id="s1" name="Teste" source="c:\Robot-training\teste.robot">
<test id="s1-t1" name="teste" line="49">
<kw name="Open Browser" library="SeleniumLibrary">
<arg>${url}</arg>
<arg>${navegador}</arg>
<doc>Opens a new browser instance to the optional ``url``.</doc>
<msg timestamp="20230311 20:27:05.966" level="INFO">Opening browser 'chrome' to base url 'https://www.demoblaze.com'.</msg>
<status status="PASS" starttime="20230311 20:27:05.965" endtime="20230311 20:27:08.289"/>
</kw>
<kw name="Maximize Browser Window" library="SeleniumLibrary">
<doc>Maximizes current browser window.</doc>
<status status="PASS" starttime="20230311 20:27:08.289" endtime="20230311 20:27:08.416"/>
</kw>
<kw name="Adicionar itens carrinho de compra">
<kw name="Click Link" library="SeleniumLibrary">
<arg>Laptops</arg>
<doc>Clicks a link identified by ``locator``.</doc>
<msg timestamp="20230311 20:27:08.418" level="INFO">Clicking link 'Laptops'.</msg>
<status status="PASS" starttime="20230311 20:27:08.417" endtime="20230311 20:27:08.456"/>
</kw>
<kw name="Wait Until Element Is Visible" library="SeleniumLibrary">
<arg>link=MacBook Pro</arg>
<doc>Waits until the element ``locator`` is visible.</doc>
<status status="PASS" starttime="20230311 20:27:08.457" endtime="20230311 20:27:09.365"/>
</kw>
<kw name="Click Link" library="SeleniumLibrary">
<arg>MacBook Pro</arg>
<doc>Clicks a link identified by ``locator``.</doc>
<msg timestamp="20230311 20:27:09.366" level="INFO">Clicking link 'MacBook Pro'.</msg>
<status status="PASS" starttime="20230311 20:27:09.365" endtime="20230311 20:27:09.822"/>
</kw>
<kw name="Wait Until Element Is Visible" library="SeleniumLibrary">
<arg>link=Add to cart</arg>
<doc>Waits until the element ``locator`` is visible.</doc>
<status status="PASS" starttime="20230311 20:27:09.823" endtime="20230311 20:27:10.286"/>
</kw>
<kw name="Wait Until Element Is Visible" library="SeleniumLibrary">
<arg>xpath=//div[2]/div/a</arg>
<doc>Waits until the element ``locator`` is visible.</doc>
<status status="PASS" starttime="20230311 20:27:10.287" endtime="20230311 20:27:10.303"/>
</kw>
<kw name="Click Element" library="SeleniumLibrary">
<arg>xpath=//div[2]/div/a</arg>
<doc>Click the element identified by ``locator``.</doc>
<msg timestamp="20230311 20:27:10.304" level="INFO">Clicking element 'xpath=//div[2]/div/a'.</msg>
<status status="PASS" starttime="20230311 20:27:10.303" endtime="20230311 20:27:10.337"/>
</kw>
<kw name="Alert Should Be Present" library="SeleniumLibrary">
<doc>Verifies that an alert is present and by default, accepts it.</doc>
<msg timestamp="20230311 20:27:10.337" level="INFO">HANDLE::&lt;class 'NoneType'&gt;::None</msg>
<status status="PASS" starttime="20230311 20:27:10.337" endtime="20230311 20:27:10.848"/>
</kw>
<kw name="Wait Until Element Is Visible" library="SeleniumLibrary">
<arg>link=PRODUCT STORE</arg>
<doc>Waits until the element ``locator`` is visible.</doc>
<status status="PASS" starttime="20230311 20:27:10.849" endtime="20230311 20:27:10.869"/>
</kw>
<kw name="Click Link" library="SeleniumLibrary">
<arg>PRODUCT STORE</arg>
<doc>Clicks a link identified by ``locator``.</doc>
<msg timestamp="20230311 20:27:10.870" level="INFO">Clicking link 'PRODUCT STORE'.</msg>
<status status="PASS" starttime="20230311 20:27:10.869" endtime="20230311 20:27:11.130"/>
</kw>
<kw name="Wait Until Element Is Visible" library="SeleniumLibrary">
<arg>link=Samsung galaxy s6</arg>
<doc>Waits until the element ``locator`` is visible.</doc>
<status status="PASS" starttime="20230311 20:27:11.130" endtime="20230311 20:27:11.390"/>
</kw>
<kw name="Click Link" library="SeleniumLibrary">
<arg>Samsung galaxy s6</arg>
<doc>Clicks a link identified by ``locator``.</doc>
<msg timestamp="20230311 20:27:11.391" level="INFO">Clicking link 'Samsung galaxy s6'.</msg>
<status status="PASS" starttime="20230311 20:27:11.391" endtime="20230311 20:27:11.659"/>
</kw>
<kw name="Wait Until Element Is Visible" library="SeleniumLibrary">
<arg>link=PRODUCT STORE</arg>
<doc>Waits until the element ``locator`` is visible.</doc>
<status status="PASS" starttime="20230311 20:27:11.659" endtime="20230311 20:27:11.680"/>
</kw>
<kw name="Click Link" library="SeleniumLibrary">
<arg>PRODUCT STORE</arg>
<doc>Clicks a link identified by ``locator``.</doc>
<msg timestamp="20230311 20:27:11.681" level="INFO">Clicking link 'PRODUCT STORE'.</msg>
<status status="PASS" starttime="20230311 20:27:11.681" endtime="20230311 20:27:11.779"/>
</kw>
<kw name="Wait Until Element Is Visible" library="SeleniumLibrary">
<arg>link=Nokia lumia 1520</arg>
<doc>Waits until the element ``locator`` is visible.</doc>
<status status="PASS" starttime="20230311 20:27:11.779" endtime="20230311 20:27:12.035"/>
</kw>
<kw name="Click Link" library="SeleniumLibrary">
<arg>Nokia lumia 1520</arg>
<doc>Clicks a link identified by ``locator``.</doc>
<msg timestamp="20230311 20:27:12.036" level="INFO">Clicking link 'Nokia lumia 1520'.</msg>
<status status="PASS" starttime="20230311 20:27:12.036" endtime="20230311 20:27:12.322"/>
</kw>
<kw name="Wait Until Element Is Visible" library="SeleniumLibrary">
<arg>link=PRODUCT STORE</arg>
<doc>Waits until the element ``locator`` is visible.</doc>
<status status="PASS" starttime="20230311 20:27:12.323" endtime="20230311 20:27:12.351"/>
</kw>
<kw name="Click Link" library="SeleniumLibrary">
<arg>PRODUCT STORE</arg>
<doc>Clicks a link identified by ``locator``.</doc>
<msg timestamp="20230311 20:27:12.352" level="INFO">Clicking link 'PRODUCT STORE'.</msg>
<status status="PASS" starttime="20230311 20:27:12.352" endtime="20230311 20:27:12.449"/>
</kw>
<kw name="Wait Until Element Is Visible" library="SeleniumLibrary">
<arg>link=Cart</arg>
<doc>Waits until the element ``locator`` is visible.</doc>
<status status="PASS" starttime="20230311 20:27:12.449" endtime="20230311 20:27:12.476"/>
</kw>
<kw name="Click Link" library="SeleniumLibrary">
<arg>Cart</arg>
<doc>Clicks a link identified by ``locator``.</doc>
<msg timestamp="20230311 20:27:12.477" level="INFO">Clicking link 'Cart'.</msg>
<status status="PASS" starttime="20230311 20:27:12.476" endtime="20230311 20:27:12.946"/>
</kw>
<status status="PASS" starttime="20230311 20:27:08.417" endtime="20230311 20:27:12.947"/>
</kw>
<kw name="Click Button" library="SeleniumLibrary">
<arg>Place Order</arg>
<doc>Clicks the button identified by ``locator``.</doc>
<msg timestamp="20230311 20:27:12.948" level="INFO">Clicking button 'Place Order'.</msg>
<status status="PASS" starttime="20230311 20:27:12.947" endtime="20230311 20:27:13.009"/>
</kw>
<kw name="Formulario">
<kw name="Wait Until Element Is Visible" library="SeleniumLibrary">
<arg>id=name</arg>
<doc>Waits until the element ``locator`` is visible.</doc>
<status status="PASS" starttime="20230311 20:27:13.010" endtime="20230311 20:27:13.247"/>
</kw>
<kw name="Input Text" library="SeleniumLibrary">
<arg>name</arg>
<arg>Rodrigo</arg>
<doc>Types the given ``text`` into the text field identified by ``locator``.</doc>
<msg timestamp="20230311 20:27:13.248" level="INFO">Typing text 'Rodrigo' into text field 'name'.</msg>
<status status="PASS" starttime="20230311 20:27:13.247" endtime="20230311 20:27:13.324"/>
</kw>
<kw name="Wait Until Element Is Visible" library="SeleniumLibrary">
<arg>id=country</arg>
<doc>Waits until the element ``locator`` is visible.</doc>
<status status="PASS" starttime="20230311 20:27:13.325" endtime="20230311 20:27:13.339"/>
</kw>
<kw name="Input Text" library="SeleniumLibrary">
<arg>country</arg>
<arg>Brasil</arg>
<doc>Types the given ``text`` into the text field identified by ``locator``.</doc>
<msg timestamp="20230311 20:27:13.340" level="INFO">Typing text 'Brasil' into text field 'country'.</msg>
<status status="PASS" starttime="20230311 20:27:13.340" endtime="20230311 20:27:13.404"/>
</kw>
<kw name="Wait Until Element Is Visible" library="SeleniumLibrary">
<arg>id=city</arg>
<doc>Waits until the element ``locator`` is visible.</doc>
<status status="PASS" starttime="20230311 20:27:13.404" endtime="20230311 20:27:13.418"/>
</kw>
<kw name="Input Text" library="SeleniumLibrary">
<arg>city</arg>
<arg>Santos</arg>
<doc>Types the given ``text`` into the text field identified by ``locator``.</doc>
<msg timestamp="20230311 20:27:13.419" level="INFO">Typing text 'Santos' into text field 'city'.</msg>
<status status="PASS" starttime="20230311 20:27:13.419" endtime="20230311 20:27:13.484"/>
</kw>
<kw name="Wait Until Element Is Visible" library="SeleniumLibrary">
<arg>id=card</arg>
<doc>Waits until the element ``locator`` is visible.</doc>
<status status="PASS" starttime="20230311 20:27:13.485" endtime="20230311 20:27:13.500"/>
</kw>
<kw name="Input Text" library="SeleniumLibrary">
<arg>card</arg>
<arg>2324423</arg>
<doc>Types the given ``text`` into the text field identified by ``locator``.</doc>
<msg timestamp="20230311 20:27:13.500" level="INFO">Typing text '2324423' into text field 'card'.</msg>
<status status="PASS" starttime="20230311 20:27:13.500" endtime="20230311 20:27:13.565"/>
</kw>
<kw name="Wait Until Element Is Visible" library="SeleniumLibrary">
<arg>id=month</arg>
<doc>Waits until the element ``locator`` is visible.</doc>
<status status="PASS" starttime="20230311 20:27:13.566" endtime="20230311 20:27:13.582"/>
</kw>
<kw name="Input Text" library="SeleniumLibrary">
<arg>month</arg>
<arg>02/12</arg>
<doc>Types the given ``text`` into the text field identified by ``locator``.</doc>
<msg timestamp="20230311 20:27:13.582" level="INFO">Typing text '02/12' into text field 'month'.</msg>
<status status="PASS" starttime="20230311 20:27:13.582" endtime="20230311 20:27:13.644"/>
</kw>
<kw name="Wait Until Element Is Visible" library="SeleniumLibrary">
<arg>id=year</arg>
<doc>Waits until the element ``locator`` is visible.</doc>
<status status="PASS" starttime="20230311 20:27:13.644" endtime="20230311 20:27:13.659"/>
</kw>
<kw name="Input Text" library="SeleniumLibrary">
<arg>year</arg>
<arg>2023</arg>
<doc>Types the given ``text`` into the text field identified by ``locator``.</doc>
<msg timestamp="20230311 20:27:13.659" level="INFO">Typing text '2023' into text field 'year'.</msg>
<status status="PASS" starttime="20230311 20:27:13.659" endtime="20230311 20:27:13.721"/>
</kw>
<status status="PASS" starttime="20230311 20:27:13.010" endtime="20230311 20:27:13.722"/>
</kw>
<kw name="Click Button" library="SeleniumLibrary">
<arg>xpath=//button[text()='Purchase']</arg>
<doc>Clicks the button identified by ``locator``.</doc>
<msg timestamp="20230311 20:27:13.723" level="INFO">Clicking button 'xpath=//button[text()='Purchase']'.</msg>
<status status="PASS" starttime="20230311 20:27:13.722" endtime="20230311 20:27:13.773"/>
</kw>
<kw name="Element Text Should Be" library="SeleniumLibrary">
<arg>css=.sweet-alert &gt; h2</arg>
<arg>Thank you for your purchase!</arg>
<doc>Verifies that element ``locator`` contains exact the text ``expected``.</doc>
<msg timestamp="20230311 20:27:13.774" level="INFO">Verifying element 'css=.sweet-alert &gt; h2' contains exact text 'Thank you for your purchase!'.</msg>
<status status="PASS" starttime="20230311 20:27:13.773" endtime="20230311 20:27:13.793"/>
</kw>
<kw name="Wait Until Element Is Visible" library="SeleniumLibrary">
<arg>css=.confirm</arg>
<doc>Waits until the element ``locator`` is visible.</doc>
<status status="PASS" starttime="20230311 20:27:13.793" endtime="20230311 20:27:13.808"/>
</kw>
<kw name="Click Button" library="SeleniumLibrary">
<arg>css=.confirm</arg>
<doc>Clicks the button identified by ``locator``.</doc>
<msg timestamp="20230311 20:27:13.809" level="INFO">Clicking button 'css=.confirm'.</msg>
<status status="PASS" starttime="20230311 20:27:13.808" endtime="20230311 20:27:13.851"/>
</kw>
<status status="PASS" starttime="20230311 20:27:05.965" endtime="20230311 20:27:13.851"/>
</test>
<doc>Robot Framework Sem Complicação</doc>
<status status="PASS" starttime="20230311 20:27:05.753" endtime="20230311 20:27:13.853"/>
</suite>
<statistics>
<total>
<stat pass="1" fail="0" skip="0">All Tests</stat>
</total>
<tag>
</tag>
<suite>
<stat pass="1" fail="0" skip="0" id="s1" name="Teste">Teste</stat>
</suite>
</statistics>
<errors>
</errors>
</robot>
